[2022/08/15 11:16:15] - Namespace(seed=0, n_classes=10, gpu_start=0, print_all=0, model_name='resnet', n_users=100, n_local_data=500, p_report=0.1, n_rounds=10, alpha=10000, n_batch=64, mom=0.9, wd=0.0005, m_start=1, m_scale=1, p_malicious=None, n_malicious=1, n_epochs_pois=15, lr_pois=0.01, n_epochs=10, lr=0.01, dba=0, p_pois=0.1, target=0, size_x=4, size_y=1, gap=1, alpha_val=10000, remove_val=1, trim_mean=0, beta=0.1, out_path='median/centralized/n_rounds10--m_start1--n_malicious1')
[2022/08/15 11:16:22] - 

--- GLOBAL VALIDATION - Round: 0 of 10 ---
[2022/08/15 11:16:24] - TESTING CLEAN - Time 1.8, Loss 2.3452, Acc 0.1024
[2022/08/15 11:16:24] - TESTING POIS - Time 0.7, Loss 2.6139, Acc 0.0000
[2022/08/15 11:16:24] - 

--- LOCAL TRAINING - Local Update: 1 of 10, User: 0, Malicious: Yes ---
[2022/08/15 11:16:36] - TRAINING - Epoch: 15, Time 0.4, Loss 1.8356, Acc 0.3448
[2022/08/15 11:17:20] - 

--- GLOBAL EVALUATIONS - Round: 1 of 10, Time: 55.3 ---
[2022/08/15 11:17:21] - TESTING CLEAN - Time 0.8, Loss 1.9993, Acc 0.2678
[2022/08/15 11:17:21] - TESTING POIS - Time 0.9, Loss 2.4102, Acc 0.0984
[2022/08/15 11:17:21] - 

--- LOCAL TRAINING - Local Update: 1 of 10, User: 0, Malicious: Yes ---
[2022/08/15 11:17:29] - TRAINING - Epoch: 15, Time 0.4, Loss 1.7324, Acc 0.3732
[2022/08/15 11:18:13] - 

--- GLOBAL EVALUATIONS - Round: 2 of 10, Time: 51.6 ---
[2022/08/15 11:18:14] - TESTING CLEAN - Time 0.9, Loss 1.8379, Acc 0.3194
[2022/08/15 11:18:15] - TESTING POIS - Time 0.8, Loss 2.5285, Acc 0.1242
[2022/08/15 11:18:15] - 

--- LOCAL TRAINING - Local Update: 1 of 10, User: 0, Malicious: Yes ---
[2022/08/15 11:18:22] - TRAINING - Epoch: 15, Time 0.5, Loss 1.5667, Acc 0.4239
[2022/08/15 11:19:07] - 

--- GLOBAL EVALUATIONS - Round: 3 of 10, Time: 52.0 ---
[2022/08/15 11:19:08] - TESTING CLEAN - Time 0.9, Loss 1.7199, Acc 0.3636
[2022/08/15 11:19:09] - TESTING POIS - Time 0.9, Loss 2.6257, Acc 0.1198
[2022/08/15 11:19:09] - 

--- LOCAL TRAINING - Local Update: 1 of 10, User: 0, Malicious: Yes ---
[2022/08/15 11:19:16] - TRAINING - Epoch: 15, Time 0.5, Loss 1.3826, Acc 0.5152
[2022/08/15 11:20:00] - 

--- GLOBAL EVALUATIONS - Round: 4 of 10, Time: 51.9 ---
[2022/08/15 11:20:01] - TESTING CLEAN - Time 0.9, Loss 1.6102, Acc 0.4000
[2022/08/15 11:20:02] - TESTING POIS - Time 0.8, Loss 2.8926, Acc 0.0713
[2022/08/15 11:20:02] - 

--- LOCAL TRAINING - Local Update: 1 of 10, User: 0, Malicious: Yes ---
[2022/08/15 11:20:10] - TRAINING - Epoch: 15, Time 0.5, Loss 1.3117, Acc 0.5558
[2022/08/15 11:20:56] - 

--- GLOBAL EVALUATIONS - Round: 5 of 10, Time: 54.0 ---
[2022/08/15 11:20:57] - TESTING CLEAN - Time 0.9, Loss 1.5482, Acc 0.4266
[2022/08/15 11:20:58] - TESTING POIS - Time 0.9, Loss 2.9135, Acc 0.0856
[2022/08/15 11:20:58] - 

--- LOCAL TRAINING - Local Update: 1 of 10, User: 0, Malicious: Yes ---
[2022/08/15 11:21:06] - TRAINING - Epoch: 15, Time 0.5, Loss 1.2024, Acc 0.5761
[2022/08/15 11:21:51] - 

--- GLOBAL EVALUATIONS - Round: 6 of 10, Time: 53.1 ---
[2022/08/15 11:21:52] - TESTING CLEAN - Time 0.9, Loss 1.4811, Acc 0.4498
[2022/08/15 11:21:53] - TESTING POIS - Time 0.9, Loss 3.1655, Acc 0.0682
[2022/08/15 11:21:53] - 

--- LOCAL TRAINING - Local Update: 1 of 10, User: 0, Malicious: Yes ---
[2022/08/15 11:22:01] - TRAINING - Epoch: 15, Time 0.5, Loss 1.1366, Acc 0.6268
[2022/08/15 11:22:47] - 

--- GLOBAL EVALUATIONS - Round: 7 of 10, Time: 53.9 ---
[2022/08/15 11:22:48] - TESTING CLEAN - Time 0.9, Loss 1.4400, Acc 0.4716
[2022/08/15 11:22:48] - TESTING POIS - Time 0.8, Loss 3.1955, Acc 0.0733
[2022/08/15 11:22:49] - 

--- LOCAL TRAINING - Local Update: 1 of 10, User: 0, Malicious: Yes ---
[2022/08/15 11:22:56] - TRAINING - Epoch: 15, Time 0.5, Loss 1.1277, Acc 0.6045
[2022/08/15 11:23:42] - 

--- GLOBAL EVALUATIONS - Round: 8 of 10, Time: 53.2 ---
[2022/08/15 11:23:43] - TESTING CLEAN - Time 0.8, Loss 1.3876, Acc 0.5048
[2022/08/15 11:23:43] - TESTING POIS - Time 0.9, Loss 3.1384, Acc 0.0847
[2022/08/15 11:23:43] - 

--- LOCAL TRAINING - Local Update: 1 of 10, User: 0, Malicious: Yes ---
[2022/08/15 11:23:51] - TRAINING - Epoch: 15, Time 0.5, Loss 1.0431, Acc 0.6613
[2022/08/15 11:24:38] - 

--- GLOBAL EVALUATIONS - Round: 9 of 10, Time: 54.3 ---
[2022/08/15 11:24:39] - TESTING CLEAN - Time 0.8, Loss 1.3707, Acc 0.5074
[2022/08/15 11:24:39] - TESTING POIS - Time 0.8, Loss 3.1125, Acc 0.0904
[2022/08/15 11:24:39] - 

--- LOCAL TRAINING - Local Update: 1 of 10, User: 0, Malicious: Yes ---
[2022/08/15 11:24:47] - TRAINING - Epoch: 15, Time 0.4, Loss 1.0171, Acc 0.6288
[2022/08/15 11:25:33] - 

--- GLOBAL EVALUATIONS - Round: 10 of 10, Time: 53.6 ---
[2022/08/15 11:25:34] - TESTING CLEAN - Time 1.0, Loss 1.3454, Acc 0.5210
[2022/08/15 11:25:35] - TESTING POIS - Time 0.8, Loss 3.1978, Acc 0.0916
