[2022/08/15 11:16:22] - Namespace(seed=0, n_classes=10, gpu_start=0, print_all=0, model_name='resnet', n_users=100, n_local_data=500, p_report=0.1, n_rounds=10, alpha=10000, n_batch=64, mom=0.9, wd=0.0005, m_start=1, m_scale=1, p_malicious=None, n_malicious=1, n_epochs_pois=15, lr_pois=0.01, n_epochs=10, lr=0.01, dba=0, p_pois=0.1, target=0, size_x=4, size_y=1, gap=1, alpha_val=10000, remove_val=1, trim_mean=1, beta=0.1, out_path='mean/centralized/n_rounds10--m_start1--n_malicious1')
[2022/08/15 11:16:29] - 

--- GLOBAL VALIDATION - Round: 0 of 10 ---
[2022/08/15 11:16:31] - TESTING CLEAN - Time 1.7, Loss 2.3452, Acc 0.1024
[2022/08/15 11:16:31] - TESTING POIS - Time 0.8, Loss 2.6139, Acc 0.0000
[2022/08/15 11:16:31] - 

--- LOCAL TRAINING - Local Update: 1 of 10, User: 0, Malicious: Yes ---
[2022/08/15 11:16:43] - TRAINING - Epoch: 15, Time 0.5, Loss 1.8356, Acc 0.3448
[2022/08/15 11:17:25] - 

--- GLOBAL EVALUATIONS - Round: 1 of 10, Time: 53.4 ---
[2022/08/15 11:17:26] - TESTING CLEAN - Time 0.8, Loss 2.0054, Acc 0.2578
[2022/08/15 11:17:27] - TESTING POIS - Time 0.8, Loss 2.3977, Acc 0.1018
[2022/08/15 11:17:27] - 

--- LOCAL TRAINING - Local Update: 1 of 10, User: 0, Malicious: Yes ---
[2022/08/15 11:17:34] - TRAINING - Epoch: 15, Time 0.4, Loss 1.7347, Acc 0.3529
[2022/08/15 11:18:18] - 

--- GLOBAL EVALUATIONS - Round: 2 of 10, Time: 51.7 ---
[2022/08/15 11:18:19] - TESTING CLEAN - Time 0.8, Loss 1.8701, Acc 0.3080
[2022/08/15 11:18:20] - TESTING POIS - Time 0.9, Loss 2.4576, Acc 0.1318
[2022/08/15 11:18:20] - 

--- LOCAL TRAINING - Local Update: 1 of 10, User: 0, Malicious: Yes ---
[2022/08/15 11:18:27] - TRAINING - Epoch: 15, Time 0.4, Loss 1.5486, Acc 0.4767
[2022/08/15 11:19:12] - 

--- GLOBAL EVALUATIONS - Round: 3 of 10, Time: 52.0 ---
[2022/08/15 11:19:13] - TESTING CLEAN - Time 0.8, Loss 1.7193, Acc 0.3622
[2022/08/15 11:19:14] - TESTING POIS - Time 0.9, Loss 2.5756, Acc 0.1313
[2022/08/15 11:19:14] - 

--- LOCAL TRAINING - Local Update: 1 of 10, User: 0, Malicious: Yes ---
[2022/08/15 11:19:21] - TRAINING - Epoch: 15, Time 0.5, Loss 1.3596, Acc 0.5436
[2022/08/15 11:20:05] - 

--- GLOBAL EVALUATIONS - Round: 4 of 10, Time: 51.6 ---
[2022/08/15 11:20:06] - TESTING CLEAN - Time 0.8, Loss 1.6289, Acc 0.3942
[2022/08/15 11:20:07] - TESTING POIS - Time 0.7, Loss 2.8277, Acc 0.0818
[2022/08/15 11:20:07] - 

--- LOCAL TRAINING - Local Update: 1 of 10, User: 0, Malicious: Yes ---
[2022/08/15 11:20:14] - TRAINING - Epoch: 15, Time 0.5, Loss 1.3211, Acc 0.5639
[2022/08/15 11:21:00] - 

--- GLOBAL EVALUATIONS - Round: 5 of 10, Time: 53.1 ---
[2022/08/15 11:21:01] - TESTING CLEAN - Time 0.9, Loss 1.5625, Acc 0.4250
[2022/08/15 11:21:02] - TESTING POIS - Time 0.8, Loss 2.8947, Acc 0.0931
[2022/08/15 11:21:02] - 

--- LOCAL TRAINING - Local Update: 1 of 10, User: 0, Malicious: Yes ---
[2022/08/15 11:21:09] - TRAINING - Epoch: 15, Time 0.5, Loss 1.2179, Acc 0.5598
[2022/08/15 11:21:54] - 

--- GLOBAL EVALUATIONS - Round: 6 of 10, Time: 52.3 ---
[2022/08/15 11:21:55] - TESTING CLEAN - Time 0.9, Loss 1.4975, Acc 0.4532
[2022/08/15 11:21:56] - TESTING POIS - Time 0.9, Loss 3.0119, Acc 0.0822
[2022/08/15 11:21:56] - 

--- LOCAL TRAINING - Local Update: 1 of 10, User: 0, Malicious: Yes ---
[2022/08/15 11:22:03] - TRAINING - Epoch: 15, Time 0.5, Loss 1.1483, Acc 0.6085
[2022/08/15 11:22:48] - 

--- GLOBAL EVALUATIONS - Round: 7 of 10, Time: 52.3 ---
[2022/08/15 11:22:49] - TESTING CLEAN - Time 0.7, Loss 1.4486, Acc 0.4712
[2022/08/15 11:22:50] - TESTING POIS - Time 0.8, Loss 3.1593, Acc 0.0813
[2022/08/15 11:22:50] - 

--- LOCAL TRAINING - Local Update: 1 of 10, User: 0, Malicious: Yes ---
[2022/08/15 11:22:57] - TRAINING - Epoch: 15, Time 0.5, Loss 1.0858, Acc 0.6369
[2022/08/15 11:23:42] - 

--- GLOBAL EVALUATIONS - Round: 8 of 10, Time: 52.4 ---
[2022/08/15 11:23:43] - TESTING CLEAN - Time 0.7, Loss 1.3989, Acc 0.4962
[2022/08/15 11:23:44] - TESTING POIS - Time 0.8, Loss 3.0391, Acc 0.0982
[2022/08/15 11:23:44] - 

--- LOCAL TRAINING - Local Update: 1 of 10, User: 0, Malicious: Yes ---
[2022/08/15 11:23:51] - TRAINING - Epoch: 15, Time 0.5, Loss 1.0403, Acc 0.6795
[2022/08/15 11:24:38] - 

--- GLOBAL EVALUATIONS - Round: 9 of 10, Time: 54.0 ---
[2022/08/15 11:24:38] - TESTING CLEAN - Time 0.8, Loss 1.3753, Acc 0.5024
[2022/08/15 11:24:39] - TESTING POIS - Time 0.9, Loss 2.9999, Acc 0.1116
[2022/08/15 11:24:39] - 

--- LOCAL TRAINING - Local Update: 1 of 10, User: 0, Malicious: Yes ---
[2022/08/15 11:24:47] - TRAINING - Epoch: 15, Time 0.5, Loss 1.0172, Acc 0.6511
[2022/08/15 11:25:31] - 

--- GLOBAL EVALUATIONS - Round: 10 of 10, Time: 51.7 ---
[2022/08/15 11:25:32] - TESTING CLEAN - Time 0.8, Loss 1.3375, Acc 0.5184
[2022/08/15 11:25:33] - TESTING POIS - Time 0.9, Loss 3.2246, Acc 0.0891
