[2022/08/15 11:25:35] - Namespace(seed=0, n_classes=10, gpu_start=0, print_all=0, model_name='resnet', n_users=100, n_local_data=500, p_report=0.1, n_rounds=10, alpha=10000, n_batch=64, mom=0.9, wd=0.0005, m_start=11, m_scale=1, p_malicious=None, n_malicious=1, n_epochs_pois=15, lr_pois=0.01, n_epochs=10, lr=0.01, dba=0, p_pois=0.1, target=0, size_x=4, size_y=1, gap=1, alpha_val=10000, remove_val=1, trim_mean=1, beta=0.1, out_path='mean/centralized/n_rounds10--m_start11--n_malicious1')
[2022/08/15 11:25:42] - 

--- GLOBAL VALIDATION - Round: 0 of 10 ---
[2022/08/15 11:25:44] - TESTING CLEAN - Time 1.6, Loss 2.3452, Acc 0.1024
[2022/08/15 11:25:45] - TESTING POIS - Time 0.8, Loss 2.6139, Acc 0.0000
[2022/08/15 11:26:40] - 

--- GLOBAL EVALUATIONS - Round: 1 of 10, Time: 55.1 ---
[2022/08/15 11:26:40] - TESTING CLEAN - Time 0.9, Loss 2.0137, Acc 0.2520
[2022/08/15 11:26:41] - TESTING POIS - Time 0.9, Loss 2.4430, Acc 0.0962
[2022/08/15 11:27:34] - 

--- GLOBAL EVALUATIONS - Round: 2 of 10, Time: 52.5 ---
[2022/08/15 11:27:35] - TESTING CLEAN - Time 1.0, Loss 1.8262, Acc 0.3316
[2022/08/15 11:27:36] - TESTING POIS - Time 0.9, Loss 2.7615, Acc 0.0842
[2022/08/15 11:28:29] - 

--- GLOBAL EVALUATIONS - Round: 3 of 10, Time: 52.9 ---
[2022/08/15 11:28:30] - TESTING CLEAN - Time 0.9, Loss 1.7155, Acc 0.3682
[2022/08/15 11:28:31] - TESTING POIS - Time 0.9, Loss 2.9298, Acc 0.0796
[2022/08/15 11:29:24] - 

--- GLOBAL EVALUATIONS - Round: 4 of 10, Time: 53.0 ---
[2022/08/15 11:29:24] - TESTING CLEAN - Time 0.9, Loss 1.6087, Acc 0.4074
[2022/08/15 11:29:25] - TESTING POIS - Time 0.8, Loss 3.1423, Acc 0.0796
[2022/08/15 11:30:20] - 

--- GLOBAL EVALUATIONS - Round: 5 of 10, Time: 54.9 ---
[2022/08/15 11:30:21] - TESTING CLEAN - Time 0.9, Loss 1.5454, Acc 0.4336
[2022/08/15 11:30:22] - TESTING POIS - Time 0.8, Loss 3.1232, Acc 0.0727
[2022/08/15 11:31:15] - 

--- GLOBAL EVALUATIONS - Round: 6 of 10, Time: 53.6 ---
[2022/08/15 11:31:16] - TESTING CLEAN - Time 0.9, Loss 1.4979, Acc 0.4542
[2022/08/15 11:31:17] - TESTING POIS - Time 0.9, Loss 3.4329, Acc 0.0656
[2022/08/15 11:32:11] - 

--- GLOBAL EVALUATIONS - Round: 7 of 10, Time: 53.6 ---
[2022/08/15 11:32:12] - TESTING CLEAN - Time 0.9, Loss 1.4389, Acc 0.4712
[2022/08/15 11:32:13] - TESTING POIS - Time 0.8, Loss 3.6433, Acc 0.0513
[2022/08/15 11:33:07] - 

--- GLOBAL EVALUATIONS - Round: 8 of 10, Time: 54.0 ---
[2022/08/15 11:33:08] - TESTING CLEAN - Time 0.9, Loss 1.3777, Acc 0.4998
[2022/08/15 11:33:08] - TESTING POIS - Time 0.8, Loss 3.8755, Acc 0.0533
[2022/08/15 11:34:02] - 

--- GLOBAL EVALUATIONS - Round: 9 of 10, Time: 53.4 ---
[2022/08/15 11:34:03] - TESTING CLEAN - Time 0.9, Loss 1.3718, Acc 0.5042
[2022/08/15 11:34:04] - TESTING POIS - Time 0.9, Loss 3.8729, Acc 0.0453
[2022/08/15 11:34:57] - 

--- GLOBAL EVALUATIONS - Round: 10 of 10, Time: 53.8 ---
[2022/08/15 11:34:58] - TESTING CLEAN - Time 0.9, Loss 1.3393, Acc 0.5154
[2022/08/15 11:34:59] - TESTING POIS - Time 0.9, Loss 4.0017, Acc 0.0531
